2015/04/12 15:46:04 [app.go:103] [I] http server Running on :8080
2015/04/12 15:50:25 [app.go:103] [I] http server Running on :8080
2015/04/12 15:51:47 [app.go:103] [I] http server Running on :8080
2015/04/12 15:52:58 [app.go:103] [I] http server Running on :8080
2015/04/12 15:53:52 [app.go:103] [I] http server Running on :8080
2015/04/12 15:54:20 [app.go:103] [I] http server Running on :8080
2015/04/12 15:54:30 [app.go:103] [I] http server Running on :8080
2015/04/12 15:55:18 [app.go:103] [I] http server Running on :8080
2015/04/12 15:56:08 [app.go:103] [I] http server Running on :8080
2015/04/12 15:56:15 [app.go:103] [I] http server Running on :8080
2015/04/12 16:01:52 [app.go:103] [I] http server Running on :8080
2015/04/12 16:01:58 [app.go:103] [I] http server Running on :8080
2015/04/12 16:03:48 [app.go:103] [I] http server Running on :8080
2015/04/12 16:04:09 [app.go:103] [I] http server Running on :8080
2015/04/12 16:04:37 [app.go:103] [I] http server Running on :8080
2015/04/12 16:04:51 [app.go:103] [I] http server Running on :8080
2015/04/12 16:05:04 [app.go:103] [I] http server Running on :8080
2015/04/12 16:05:32 [app.go:103] [I] http server Running on :8080
2015/04/12 16:13:01 [app.go:103] [I] http server Running on :8080
2015/04/12 16:15:20 [app.go:103] [I] http server Running on :8080
2015/04/12 16:25:35 [app.go:103] [I] http server Running on :8080
2015/04/12 16:25:35 [admin.go:461] [I] Admin server Running on 127.0.0.1:8088
2015/04/12 19:52:48 [app.go:103] [I] http server Running on :8080
2015/04/12 19:52:48 [admin.go:461] [I] Admin server Running on 127.0.0.1:8088
2015/04/12 20:00:45 [admin.go:461] [I] Admin server Running on 127.0.0.1:8088
2015/04/12 20:00:45 [app.go:103] [I] http server Running on :8080
2015/04/12 20:06:15 [admin.go:461] [I] Admin server Running on 127.0.0.1:8088
2015/04/12 20:06:15 [app.go:103] [I] http server Running on :8080
2015/04/12 22:31:27 [app.go:103] [I] http server Running on :8080
2015/04/12 22:31:27 [admin.go:461] [I] Admin server Running on 127.0.0.1:8088
2015/04/12 22:51:13 [admin.go:461] [I] Admin server Running on 127.0.0.1:8088
2015/04/12 22:51:13 [app.go:103] [I] http server Running on :8080
2015/04/13 10:13:19 [app.go:103] [I] http server Running on :8080
2015/04/13 10:13:19 [admin.go:461] [I] Admin server Running on 127.0.0.1:8088
2015/04/13 10:13:32 [router.go:871] [C] the request url is  / 
2015/04/13 10:13:32 [router.go:872] [C] Handler crashed with error no reachable servers 
2015/04/13 10:13:32 [router.go:878] [C] /Users/Fermi/dev/go/1.4.2/src/runtime/asm_amd64.s:401 
2015/04/13 10:13:32 [router.go:878] [C] /Users/Fermi/dev/go/1.4.2/src/runtime/panic.go:387 
2015/04/13 10:13:32 [router.go:878] [C] /Users/Fermi/Documents/Go/src/juna/controllers/base.go:60 
2015/04/13 10:13:32 [router.go:878] [C] /Users/Fermi/Documents/Go/src/github.com/astaxie/beego/router.go:760 
2015/04/13 10:13:32 [router.go:878] [C] /Users/Fermi/dev/go/1.4.2/src/net/http/server.go:1703 
2015/04/13 10:13:32 [router.go:878] [C] /Users/Fermi/dev/go/1.4.2/src/net/http/server.go:1204 
2015/04/13 10:13:32 [router.go:878] [C] /Users/Fermi/dev/go/1.4.2/src/runtime/asm_amd64.s:2232 
2015/04/13 10:13:33 [router.go:871] [C] the request url is  / 
2015/04/13 10:13:33 [router.go:872] [C] Handler crashed with error no reachable servers 
2015/04/13 10:13:33 [router.go:878] [C] /Users/Fermi/dev/go/1.4.2/src/runtime/asm_amd64.s:401 
2015/04/13 10:13:33 [router.go:878] [C] /Users/Fermi/dev/go/1.4.2/src/runtime/panic.go:387 
2015/04/13 10:13:33 [router.go:878] [C] /Users/Fermi/Documents/Go/src/juna/controllers/base.go:60 
2015/04/13 10:13:33 [router.go:878] [C] /Users/Fermi/Documents/Go/src/github.com/astaxie/beego/router.go:760 
2015/04/13 10:13:33 [router.go:878] [C] /Users/Fermi/dev/go/1.4.2/src/net/http/server.go:1703 
2015/04/13 10:13:33 [router.go:878] [C] /Users/Fermi/dev/go/1.4.2/src/net/http/server.go:1204 
2015/04/13 10:13:33 [router.go:878] [C] /Users/Fermi/dev/go/1.4.2/src/runtime/asm_amd64.s:2232 
2015/04/13 10:13:37 [router.go:871] [C] the request url is  / 
2015/04/13 10:13:37 [router.go:872] [C] Handler crashed with error no reachable servers 
2015/04/13 10:13:37 [router.go:878] [C] /Users/Fermi/dev/go/1.4.2/src/runtime/asm_amd64.s:401 
2015/04/13 10:13:37 [router.go:878] [C] /Users/Fermi/dev/go/1.4.2/src/runtime/panic.go:387 
2015/04/13 10:13:37 [router.go:878] [C] /Users/Fermi/Documents/Go/src/juna/controllers/base.go:60 
2015/04/13 10:13:37 [router.go:878] [C] /Users/Fermi/Documents/Go/src/github.com/astaxie/beego/router.go:760 
2015/04/13 10:13:37 [router.go:878] [C] /Users/Fermi/dev/go/1.4.2/src/net/http/server.go:1703 
2015/04/13 10:13:37 [router.go:878] [C] /Users/Fermi/dev/go/1.4.2/src/net/http/server.go:1204 
2015/04/13 10:13:37 [router.go:878] [C] /Users/Fermi/dev/go/1.4.2/src/runtime/asm_amd64.s:2232 
2015/04/13 10:14:56 [app.go:103] [I] http server Running on :8080
2015/04/13 10:14:56 [admin.go:461] [I] Admin server Running on 127.0.0.1:8088
2015/04/13 10:22:00 [admin.go:461] [I] Admin server Running on 127.0.0.1:8088
2015/04/13 10:22:00 [app.go:103] [I] http server Running on :8080
2015/04/13 10:22:05 [app.go:103] [I] http server Running on :8080
2015/04/13 10:22:05 [admin.go:461] [I] Admin server Running on 127.0.0.1:8088
2015/04/13 10:22:16 [app.go:103] [I] http server Running on :8080
2015/04/13 10:22:16 [admin.go:461] [I] Admin server Running on 127.0.0.1:8088
2015/04/13 10:24:13 [app.go:103] [I] http server Running on :8080
2015/04/13 10:24:13 [admin.go:461] [I] Admin server Running on 127.0.0.1:8088
2015/04/13 20:51:39 [app.go:103] [I] http server Running on :8080
2015/04/13 20:51:39 [admin.go:461] [I] Admin server Running on 127.0.0.1:8088
2015/04/13 20:51:51 [router.go:871] [C] the request url is  / 
2015/04/13 20:51:51 [router.go:872] [C] Handler crashed with error no reachable servers 
2015/04/13 20:51:51 [router.go:878] [C] /Users/Fermi/dev/go/1.4.2/src/runtime/asm_amd64.s:401 
2015/04/13 20:51:51 [router.go:878] [C] /Users/Fermi/dev/go/1.4.2/src/runtime/panic.go:387 
2015/04/13 20:51:51 [router.go:878] [C] /Users/Fermi/Documents/Go/src/juna/controllers/base.go:59 
2015/04/13 20:51:51 [router.go:878] [C] /Users/Fermi/Documents/Go/src/github.com/astaxie/beego/router.go:760 
2015/04/13 20:51:51 [router.go:878] [C] /Users/Fermi/dev/go/1.4.2/src/net/http/server.go:1703 
2015/04/13 20:51:51 [router.go:878] [C] /Users/Fermi/dev/go/1.4.2/src/net/http/server.go:1204 
2015/04/13 20:51:51 [router.go:878] [C] /Users/Fermi/dev/go/1.4.2/src/runtime/asm_amd64.s:2232 
2015/04/13 20:51:55 [router.go:871] [C] the request url is  / 
2015/04/13 20:51:55 [router.go:872] [C] Handler crashed with error no reachable servers 
2015/04/13 20:51:55 [router.go:878] [C] /Users/Fermi/dev/go/1.4.2/src/runtime/asm_amd64.s:401 
2015/04/13 20:51:55 [router.go:878] [C] /Users/Fermi/dev/go/1.4.2/src/runtime/panic.go:387 
2015/04/13 20:51:55 [router.go:878] [C] /Users/Fermi/Documents/Go/src/juna/controllers/base.go:59 
2015/04/13 20:51:55 [router.go:878] [C] /Users/Fermi/Documents/Go/src/github.com/astaxie/beego/router.go:760 
2015/04/13 20:51:55 [router.go:878] [C] /Users/Fermi/dev/go/1.4.2/src/net/http/server.go:1703 
2015/04/13 20:51:55 [router.go:878] [C] /Users/Fermi/dev/go/1.4.2/src/net/http/server.go:1204 
2015/04/13 20:51:55 [router.go:878] [C] /Users/Fermi/dev/go/1.4.2/src/runtime/asm_amd64.s:2232 
2015/07/07 08:34:56 [app.go:103] [I] http server Running on :8080
2015/07/07 08:34:56 [admin.go:461] [I] Admin server Running on 127.0.0.1:8088
2015/07/07 08:35:18 [router.go:871] [C] the request url is  / 
2015/07/07 08:35:18 [router.go:872] [C] Handler crashed with error no reachable servers 
2015/07/07 08:35:18 [router.go:878] [C] /usr/local/Cellar/go/1.4.2/libexec/src/runtime/asm_amd64.s:401 
2015/07/07 08:35:18 [router.go:878] [C] /usr/local/Cellar/go/1.4.2/libexec/src/runtime/panic.go:387 
2015/07/07 08:35:18 [router.go:878] [C] /Users/Fermi/Documents/Go/src/juna/controllers/base.go:59 
2015/07/07 08:35:18 [router.go:878] [C] /Users/Fermi/Documents/Go/src/github.com/astaxie/beego/router.go:760 
2015/07/07 08:35:18 [router.go:878] [C] /usr/local/Cellar/go/1.4.2/libexec/src/net/http/server.go:1703 
2015/07/07 08:35:18 [router.go:878] [C] /usr/local/Cellar/go/1.4.2/libexec/src/net/http/server.go:1204 
2015/07/07 08:35:18 [router.go:878] [C] /usr/local/Cellar/go/1.4.2/libexec/src/runtime/asm_amd64.s:2232 
2015/07/07 08:41:50 [app.go:103] [I] http server Running on :8080
2015/07/07 08:41:50 [admin.go:461] [I] Admin server Running on 127.0.0.1:8088
2015/07/07 10:36:39 [app.go:103] [I] http server Running on :8080
2015/07/07 10:36:39 [admin.go:461] [I] Admin server Running on 127.0.0.1:8088
2015/09/21 16:03:56 [asm_amd64.s:2232] [I] http server Running on :8080
2015/09/21 16:03:56 [asm_amd64.s:2232] [I] Admin server Running on 127.0.0.1:8088
2015/09/21 16:04:17 [router.go:879] [C] the request url is  / 
2015/09/21 16:04:17 [router.go:880] [C] Handler crashed with error no reachable servers 
2015/09/21 16:04:17 [router.go:886] [C] /Users/Fermi/dev/go/1.4.2/src/runtime/asm_amd64.s:401 
2015/09/21 16:04:17 [router.go:886] [C] /Users/Fermi/dev/go/1.4.2/src/runtime/panic.go:387 
2015/09/21 16:04:17 [router.go:886] [C] /Users/Fermi/Documents/Go/src/juna/controllers/base.go:59 
2015/09/21 16:04:17 [router.go:886] [C] /Users/Fermi/Documents/Go/src/github.com/astaxie/beego/router.go:769 
2015/09/21 16:04:17 [router.go:886] [C] /Users/Fermi/dev/go/1.4.2/src/net/http/server.go:1703 
2015/09/21 16:04:17 [router.go:886] [C] /Users/Fermi/dev/go/1.4.2/src/net/http/server.go:1204 
2015/09/21 16:04:17 [router.go:886] [C] /Users/Fermi/dev/go/1.4.2/src/runtime/asm_amd64.s:2232 
2015/09/21 16:04:21 [router.go:879] [C] the request url is  / 
2015/09/21 16:04:21 [router.go:880] [C] Handler crashed with error no reachable servers 
2015/09/21 16:04:21 [router.go:886] [C] /Users/Fermi/dev/go/1.4.2/src/runtime/asm_amd64.s:401 
2015/09/21 16:04:21 [router.go:886] [C] /Users/Fermi/dev/go/1.4.2/src/runtime/panic.go:387 
2015/09/21 16:04:21 [router.go:886] [C] /Users/Fermi/Documents/Go/src/juna/controllers/base.go:59 
2015/09/21 16:04:21 [router.go:886] [C] /Users/Fermi/Documents/Go/src/github.com/astaxie/beego/router.go:769 
2015/09/21 16:04:21 [router.go:886] [C] /Users/Fermi/dev/go/1.4.2/src/net/http/server.go:1703 
2015/09/21 16:04:21 [router.go:886] [C] /Users/Fermi/dev/go/1.4.2/src/net/http/server.go:1204 
2015/09/21 16:04:21 [router.go:886] [C] /Users/Fermi/dev/go/1.4.2/src/runtime/asm_amd64.s:2232 
2015/09/21 16:04:31 [router.go:879] [C] the request url is  / 
2015/09/21 16:04:31 [router.go:880] [C] Handler crashed with error no reachable servers 
2015/09/21 16:04:31 [router.go:886] [C] /Users/Fermi/dev/go/1.4.2/src/runtime/asm_amd64.s:401 
2015/09/21 16:04:31 [router.go:886] [C] /Users/Fermi/dev/go/1.4.2/src/runtime/panic.go:387 
2015/09/21 16:04:31 [router.go:886] [C] /Users/Fermi/Documents/Go/src/juna/controllers/base.go:59 
2015/09/21 16:04:31 [router.go:886] [C] /Users/Fermi/Documents/Go/src/github.com/astaxie/beego/router.go:769 
2015/09/21 16:04:31 [router.go:886] [C] /Users/Fermi/dev/go/1.4.2/src/net/http/server.go:1703 
2015/09/21 16:04:31 [router.go:886] [C] /Users/Fermi/dev/go/1.4.2/src/net/http/server.go:1204 
2015/09/21 16:04:31 [router.go:886] [C] /Users/Fermi/dev/go/1.4.2/src/runtime/asm_amd64.s:2232 
